<?xml version="1.0" encoding="UTF-8"?>
<!-- Generated by org.testng.reporters.JUnitReportReporter -->
<testsuite hostname="GIFTECH-L-080" failures="0" tests="1" name="com.qa.testcases.searchTestCase" time="7.511" errors="0" timestamp="2023-03-23T22:47:52 IST" skipped="0">
  <testcase classname="com.qa.testcases.searchTestCase" name="seachTest" time="7.511"/>
  <system-out/>
</testsuite> <!-- com.qa.testcases.searchTestCase -->
